Arguments: 
  /usr/local/bin/node /home/kemuru/.yarn/bin/yarn.js add @types/ethers

PATH: 
  /home/kemuru/.yarn/bin:/home/kemuru/.config/yarn/global/node_modules/.bin:/home/kemuru/.yarn/bin:/home/kemuru/.config/yarn/global/node_modules/.bin:/usr/local/sbin:/usr/local/bin:/usr/sbin:/usr/bin:/sbin:/bin:/usr/games:/usr/local/games:/snap/bin:/snap/bin

Yarn version: 
  1.22.19

Node version: 
  18.15.0

Platform: 
  linux x64

Trace: 
  Error: https://registry.yarnpkg.com/@types%2fethers: Not found
      at params.callback [as _callback] (/home/kemuru/.yarn/lib/cli.js:66145:18)
      at self.callback (/home/kemuru/.yarn/lib/cli.js:140890:22)
      at Request.emit (node:events:513:28)
      at Request.<anonymous> (/home/kemuru/.yarn/lib/cli.js:141862:10)
      at Request.emit (node:events:513:28)
      at IncomingMessage.<anonymous> (/home/kemuru/.yarn/lib/cli.js:141784:12)
      at Object.onceWrapper (node:events:627:28)
      at IncomingMessage.emit (node:events:525:35)
      at endReadableNT (node:internal/streams/readable:1359:12)
      at process.processTicksAndRejections (node:internal/process/task_queues:82:21)

npm manifest: 
  {
    "devDependencies": {
      "@types/node": "^18.11.10",
      "@types/node-fetch": "^2.6.2",
      "@types/validator": "^13.7.10",
      "@types/ws": "^8.5.4",
      "prettier": "^2.8.0",
      "typescript": "^4.9.3"
    },
    "prettier": {
      "semi": false
    },
    "scripts": {
      "build": "rm -rf ./dist && tsc",
      "start": "node dist/index.js",
      "all": "yarn build && yarn start"
    },
    "dependencies": {
      "@mikro-orm/core": "^5.5.3",
      "@mikro-orm/mongodb": "^5.5.3",
      "class-validator": "^0.14.0",
      "dotenv": "^16.0.3",
      "ethers": "^6.1.0",
      "graphql": "16.6.0",
      "viem": "^0.1.5"
    }
  }

yarn manifest: 
  No manifest

Lockfile: 
  # THIS IS AN AUTOGENERATED FILE. DO NOT EDIT THIS FILE DIRECTLY.
  # yarn lockfile v1
  
  
  "@adraffy/ens-normalize@1.8.9":
    version "1.8.9"
    resolved "https://registry.yarnpkg.com/@adraffy/ens-normalize/-/ens-normalize-1.8.9.tgz#67b3acadebbb551669c9a1da15fac951db795b85"
    integrity sha512-93OmGCV0vO8+JQ3FHG+gZk/MPHzzMPDRiCiFcCQNTCnHaaxsacO3ScTPGlu2wX2dOtgfalbchPcw1cOYYjHCYQ==
  
  "@aws-crypto/ie11-detection@^3.0.0":
    version "3.0.0"
    resolved "https://registry.yarnpkg.com/@aws-crypto/ie11-detection/-/ie11-detection-3.0.0.tgz#640ae66b4ec3395cee6a8e94ebcd9f80c24cd688"
    integrity sha512-341lBBkiY1DfDNKai/wXM3aujNBkXR7tq1URPQDL9wi3AUbI80NR74uF1TXHMm7po1AcnFk8iu2S2IeU/+/A+Q==
    dependencies:
      tslib "^1.11.1"
  
  "@aws-crypto/sha256-browser@3.0.0":
    version "3.0.0"
    resolved "https://registry.yarnpkg.com/@aws-crypto/sha256-browser/-/sha256-browser-3.0.0.tgz#05f160138ab893f1c6ba5be57cfd108f05827766"
    integrity sha512-8VLmW2B+gjFbU5uMeqtQM6Nj0/F1bro80xQXCW6CQBWgosFWXTx77aeOF5CAIAmbOK64SdMBJdNr6J41yP5mvQ==
    dependencies:
      "@aws-crypto/ie11-detection" "^3.0.0"
      "@aws-crypto/sha256-js" "^3.0.0"
      "@aws-crypto/supports-web-crypto" "^3.0.0"
      "@aws-crypto/util" "^3.0.0"
      "@aws-sdk/types" "^3.222.0"
      "@aws-sdk/util-locate-window" "^3.0.0"
      "@aws-sdk/util-utf8-browser" "^3.0.0"
      tslib "^1.11.1"
  
  "@aws-crypto/sha256-js@3.0.0", "@aws-crypto/sha256-js@^3.0.0":
    version "3.0.0"
    resolved "https://registry.yarnpkg.com/@aws-crypto/sha256-js/-/sha256-js-3.0.0.tgz#f06b84d550d25521e60d2a0e2a90139341e007c2"
    integrity sha512-PnNN7os0+yd1XvXAy23CFOmTbMaDxgxXtTKHybrJ39Y8kGzBATgBFibWJKH6BhytLI/Zyszs87xCOBNyBig6vQ==
    dependencies:
      "@aws-crypto/util" "^3.0.0"
      "@aws-sdk/types" "^3.222.0"
      tslib "^1.11.1"
  
  "@aws-crypto/supports-web-crypto@^3.0.0":
    version "3.0.0"
    resolved "https://registry.yarnpkg.com/@aws-crypto/supports-web-crypto/-/supports-web-crypto-3.0.0.tgz#5d1bf825afa8072af2717c3e455f35cda0103ec2"
    integrity sha512-06hBdMwUAb2WFTuGG73LSC0wfPu93xWwo5vL2et9eymgmu3Id5vFAHBbajVWiGhPO37qcsdCap/FqXvJGJWPIg==
    dependencies:
      tslib "^1.11.1"
  
  "@aws-crypto/util@^3.0.0":
    version "3.0.0"
    resolved "https://registry.yarnpkg.com/@aws-crypto/util/-/util-3.0.0.tgz#1c7ca90c29293f0883468ad48117937f0fe5bfb0"
    integrity sha512-2OJlpeJpCR48CC8r+uKVChzs9Iungj9wkZrl8Z041DWEWvyIHILYKCPNzJghKsivj+S3mLo6BVc7mBNzdxA46w==
    dependencies:
      "@aws-sdk/types" "^3.222.0"
      "@aws-sdk/util-utf8-browser" "^3.0.0"
      tslib "^1.11.1"
  
  "@aws-sdk/abort-controller@3.272.0":
    version "3.272.0"
    resolved "https://registry.yarnpkg.com/@aws-sdk/abort-controller/-/abort-controller-3.272.0.tgz#c2d244e9d422583a786dfb75485316cb1d4793ce"
    integrity sha512-s2TV3phapcTwZNr4qLxbfuQuE9ZMP4RoJdkvRRCkKdm6jslsWLJf2Zlcxti/23hOlINUMYv2iXE2pftIgWGdpg==
    dependencies:
      "@aws-sdk/types" "3.272.0"
      tslib "^2.3.1"
  
  "@aws-sdk/client-cognito-identity@3.287.0":
    version "3.287.0"
    resolved "https://registry.yarnpkg.com/@aws-sdk/client-cognito-identity/-/client-cognito-identity-3.287.0.tgz#b77d5c5217a45515d7ebeaff8b278dd62ba90342"
    integrity sha512-xCgsRbUSPQLIRjpvq4Z7GGLohMdFgygWBT3q0vcHQG4EfLw7LHQHbo+7TXxzRCluX10bvVKIl/PnLnJw5LiyIw==
    dependencies:
      "@aws-crypto/sha256-browser" "3.0.0"
      "@aws-crypto/sha256-js" "3.0.0"
      "@aws-sdk/client-sts" "3.287.0"
      "@aws-sdk/config-resolver" "3.287.0"
      "@aws-sdk/credential-provider-node" "3.287.0"
      "@aws-sdk/fetch-http-handler" "3.282.0"
      "@aws-sdk/hash-node" "3.272.0"
      "@aws-sdk/invalid-dependency" "3.272.0"
      "@aws-sdk/middleware-content-length" "3.282.0"
      "@aws-sdk/middleware-endpoint" "3.282.0"
      "@aws-sdk/middleware-host-header" "3.282.0"
      "@aws-sdk/middleware-logger" "3.287.0"
      "@aws-sdk/middleware-recursion-detection" "3.282.0"
      "@aws-sdk/middleware-retry" "3.287.0"
      "@aws-sdk/middleware-serde" "3.272.0"
      "@aws-sdk/middleware-signing" "3.282.0"
      "@aws-sdk/middleware-stack" "3.272.0"
      "@aws-sdk/middleware-user-agent" "3.282.0"
      "@aws-sdk/node-config-provider" "3.287.0"
      "@aws-sdk/node-http-handler" "3.282.0"
      "@aws-sdk/protocol-http" "3.282.0"
      "@aws-sdk/smithy-client" "3.279.0"
      "@aws-sdk/types" "3.272.0"
      "@aws-sdk/url-parser" "3.272.0"
      "@aws-sdk/util-base64" "3.208.0"
      "@aws-sdk/util-body-length-browser" "3.188.0"
      "@aws-sdk/util-body-length-node" "3.208.0"
      "@aws-sdk/util-defaults-mode-browser" "3.279.0"
      "@aws-sdk/util-defaults-mode-node" "3.287.0"
      "@aws-sdk/util-endpoints" "3.272.0"
      "@aws-sdk/util-retry" "3.272.0"
      "@aws-sdk/util-user-agent-browser" "3.282.0"
      "@aws-sdk/util-user-agent-node" "3.287.0"
      "@aws-sdk/util-utf8" "3.254.0"
      tslib "^2.3.1"
  
  "@aws-sdk/client-sso-oidc@3.287.0":
    version "3.287.0"
    resolved "https://registry.yarnpkg.com/@aws-sdk/client-sso-oidc/-/client-sso-oidc-3.287.0.tgz#8e3581ce666f5110bcc2dcfb89066a1e3902850a"
    integrity sha512-zrUy5jpu32sjmOcSlr8IVNTT/Pfa8ZPj6v0P/sNN3PWIv9fbep/0MJyIwbWJLCfQVLZqRvlMovFzVlnWixjraw==
    dependencies:
      "@aws-crypto/sha256-browser" "3.0.0"
      "@aws-crypto/sha256-js" "3.0.0"
      "@aws-sdk/config-resolver" "3.287.0"
      "@aws-sdk/fetch-http-handler" "3.282.0"
      "@aws-sdk/hash-node" "3.272.0"
      "@aws-sdk/invalid-dependency" "3.272.0"
      "@aws-sdk/middleware-content-length" "3.282.0"
      "@aws-sdk/middleware-endpoint" "3.282.0"
      "@aws-sdk/middleware-host-header" "3.282.0"
      "@aws-sdk/middleware-logger" "3.287.0"
      "@aws-sdk/middleware-recursion-detection" "3.282.0"
      "@aws-sdk/middleware-retry" "3.287.0"
      "@aws-sdk/middleware-serde" "3.272.0"
      "@aws-sdk/middleware-stack" "3.272.0"
      "@aws-sdk/middleware-user-agent" "3.282.0"
      "@aws-sdk/node-config-provider" "3.287.0"
      "@aws-sdk/node-http-handler" "3.282.0"
      "@aws-sdk/protocol-http" "3.282.0"
      "@aws-sdk/smithy-client" "3.279.0"
      "@aws-sdk/types" "3.272.0"
      "@aws-sdk/url-parser" "3.272.0"
      "@aws-sdk/util-base64" "3.208.0"
      "@aws-sdk/util-body-length-browser" "3.188.0"
      "@aws-sdk/util-body-length-node" "3.208.0"
      "@aws-sdk/util-defaults-mode-browser" "3.279.0"
      "@aws-sdk/util-defaults-mode-node" "3.287.0"
      "@aws-sdk/util-endpoints" "3.272.0"
      "@aws-sdk/util-retry" "3.272.0"
      "@aws-sdk/util-user-agent-browser" "3.282.0"
      "@aws-sdk/util-user-agent-node" "3.287.0"
      "@aws-sdk/util-utf8" "3.254.0"
      tslib "^2.3.1"
  
  "@aws-sdk/client-sso@3.287.0":
    version "3.287.0"
    resolved "https://registry.yarnpkg.com/@aws-sdk/client-sso/-/client-sso-3.287.0.tgz#b2155bb6832a977d6e02420d5da6ceb6eb41c2dc"
    integrity sha512-YXD/oP38tsgKYTnft17O6OLTBBdal7CZsRhCJUHUSg3xAV9AiLloMwGrSxcZh4qMhx5bcn9XaVxu8dApsXnJXw==
    dependencies:
      "@aws-crypto/sha256-browser" "3.0.0"
      "@aws-crypto/sha256-js" "3.0.0"
      "@aws-sdk/config-resolver" "3.287.0"
      "@aws-sdk/fetch-http-handler" "3.282.0"
      "@aws-sdk/hash-node" "3.272.0"
      "@aws-sdk/invalid-dependency" "3.272.0"
      "@aws-sdk/middleware-content-length" "3.282.0"
      "@aws-sdk/middleware-endpoint" "3.282.0"
      "@aws-sdk/middleware-host-header" "3.282.0"
      "@aws-sdk/middleware-logger" "3.287.0"
      "@aws-sdk/middleware-recursion-detection" "3.282.0"
      "@aws-sdk/middleware-retry" "3.287.0"
      "@aws-sdk/middleware-serde" "3.272.0"
      "@aws-sdk/middleware-stack" "3.272.0"
      "@aws-sdk/middleware-user-agent" "3.282.0"
      "@aws-sdk/node-config-provider" "3.287.0"
      "@aws-sdk/node-http-handler" "3.282.0"
      "@aws-sdk/protocol-http" "3.282.0"
      "@aws-sdk/smithy-client" "3.279.0"
      "@aws-sdk/types" "3.272.0"
      "@aws-sdk/url-parser" "3.272.0"
      "@aws-sdk/util-base64" "3.208.0"
      "@aws-sdk/util-body-length-browser" "3.188.0"
      "@aws-sdk/util-body-length-node" "3.208.0"
      "@aws-sdk/util-defaults-mode-browser" "3.279.0"
      "@aws-sdk/util-defaults-mode-node" "3.287.0"
      "@aws-sdk/util-endpoints" "3.272.0"
      "@aws-sdk/util-retry" "3.272.0"
      "@aws-sdk/util-user-agent-browser" "3.282.0"
      "@aws-sdk/util-user-agent-node" "3.287.0"
      "@aws-sdk/util-utf8" "3.254.0"
      tslib "^2.3.1"
  
  "@aws-sdk/client-sts@3.287.0":
    version "3.287.0"
    resolved "https://registry.yarnpkg.com/@aws-sdk/client-sts/-/client-sts-3.287.0.tgz#9de3d0471deabf733c21051f46e42be6c09d06a4"
    integrity sha512-s6ST78bxSH+nFAFcvSU7bhNAGz/e9Q/77+0Y0JPl/Q2ZWKMfO9AWs/uAieATMBhVuG/8ok4WKrR9YCbMr/ai8A==
    dependencies:
      "@aws-crypto/sha256-browser" "3.0.0"
      "@aws-crypto/sha256-js" "3.0.0"
      "@aws-sdk/config-resolver" "3.287.0"
      "@aws-sdk/credential-provider-node" "3.287.0"
      "@aws-sdk/fetch-http-handler" "3.282.0"
      "@aws-sdk/hash-node" "3.272.0"
      "@aws-sdk/invalid-dependency" "3.272.0"
      "@aws-sdk/middleware-content-length" "3.282.0"
      "@aws-sdk/middleware-endpoint" "3.282.0"
      "@aws-sdk/middleware-host-header" "3.282.0"
      "@aws-sdk/middleware-logger" "3.287.0"
      "@aws-sdk/middleware-recursion-detection" "3.282.0"
      "@aws-sdk/middleware-retry" "3.287.0"
      "@aws-sdk/middleware-sdk-sts" "3.282.0"
      "@aws-sdk/middleware-serde" "3.272.0"
      "@aws-sdk/middleware-signing" "3.282.0"
      "@aws-sdk/middleware-stack" "3.272.0"
      "@aws-sdk/middleware-user-agent" "3.282.0"
      "@aws-sdk/node-config-provider" "3.287.0"
      "@aws-sdk/node-http-handler" "3.282.0"
      "@aws-sdk/protocol-http" "3.282.0"
      "@aws-sdk/smithy-client" "3.279.0"
      "@aws-sdk/types" "3.272.0"
      "@aws-sdk/url-parser" "3.272.0"
      "@aws-sdk/util-base64" "3.208.0"
      "@aws-sdk/util-body-length-browser" "3.188.0"
      "@aws-sdk/util-body-length-node" "3.208.0"
      "@aws-sdk/util-defaults-mode-browser" "3.279.0"
      "@aws-sdk/util-defaults-mode-node" "3.287.0"
      "@aws-sdk/util-endpoints" "3.272.0"
      "@aws-sdk/util-retry" "3.272.0"
      "@aws-sdk/util-user-agent-browser" "3.282.0"
      "@aws-sdk/util-user-agent-node" "3.287.0"
      "@aws-sdk/util-utf8" "3.254.0"
      fast-xml-parser "4.1.2"
      tslib "^2.3.1"
  
  "@aws-sdk/config-resolver@3.287.0":
    version "3.287.0"
    resolved "https://registry.yarnpkg.com/@aws-sdk/config-resolver/-/config-resolver-3.287.0.tgz#1d23e65b338f7877be5f60b172257cb157aba2e0"
    integrity sha512-YLJ9+ufcrj73DBmqgG50WMAVNHb8PdWL7hkp3gs00VOsXeEMGdQK92fVlx8Him8yPDikvLS2orrEVRcYxj5Uag==
    dependencies:
      "@aws-sdk/signature-v4" "3.282.0"
      "@aws-sdk/types" "3.272.0"
      "@aws-sdk/util-config-provider" "3.208.0"
      "@aws-sdk/util-middleware" "3.272.0"
      tslib "^2.3.1"
  
  "@aws-sdk/credential-provider-cognito-identity@3.287.0":
    version "3.287.0"
    resolved "https://registry.yarnpkg.com/@aws-sdk/credential-provider-cognito-identity/-/credential-provider-cognito-identity-3.287.0.tgz#99862fdd528cc228aa011ed09bc9af087c3b4762"
    integrity sha512-Tc+o6wxzoxDp8wuAhi9SnOEVxNGIP0UCLyd/qbXlVEmQ+Y1V3Zsbnty9lecCwtaHoYXy9QYz8u/PNvcfWC2v6g==
    dependencies:
      "@aws-sdk/client-cognito-identity" "3.287.0"
      "@aws-sdk/property-provider" "3.272.0"
      "@aws-sdk/types" "3.272.0"
      tslib "^2.3.1"
  
  "@aws-sdk/credential-provider-env@3.272.0":
    version "3.272.0"
    resolved "https://registry.yarnpkg.com/@aws-sdk/credential-provider-env/-/credential-provider-env-3.272.0.tgz#c647799806d2cf491b9b0d8d32682393caf74e20"
    integrity sha512-QI65NbLnKLYHyTYhXaaUrq6eVsCCrMUb05WDA7+TJkWkjXesovpjc8vUKgFiLSxmgKmb2uOhHNcDyObKMrYQFw==
    dependencies:
      "@aws-sdk/property-provider" "3.272.0"
      "@aws-sdk/types" "3.272.0"
      tslib "^2.3.1"
  
  "@aws-sdk/credential-provider-imds@3.287.0":
    version "3.287.0"
    resolved "https://registry.yarnpkg.com/@aws-sdk/credential-provider-imds/-/credential-provider-imds-3.287.0.tgz#3d4c9efea358a2e02de45599943a7e4ef2398513"
    integrity sha512-awvsREwUgb9V5pbrP9DyNGh5iXBE8Pbb5EeMw8zJsX+cYuD95N0YncrU/7MAf0+ro851gBqjC3Dty8ujrAhkSg==
    dependencies:
      "@aws-sdk/node-config-provider" "3.287.0"
      "@aws-sdk/property-provider" "3.272.0"
      "@aws-sdk/types" "3.272.0"
      "@aws-sdk/url-parser" "3.272.0"
      tslib "^2.3.1"
  
  "@aws-sdk/credential-provider-ini@3.287.0":
    version "3.287.0"
    resolved "https://registry.yarnpkg.com/@aws-sdk/credential-provider-ini/-/credential-provider-ini-3.287.0.tgz#04b927297d5c55faa91bd3dccd4f0f1b53a8e6f7"
    integrity sha512-mDl/twCpXvWUb4A+L3z+v0N4oRF9cnOrkdhW9yP3hBT84RJqCIFHtk966rFiZod8MbhE2LluODtzXVJEIHpmpg==
    dependencies:
      "@aws-sdk/credential-provider-env" "3.272.0"
      "@aws-sdk/credential-provider-imds" "3.287.0"
      "@aws-sdk/credential-provider-process" "3.287.0"
      "@aws-sdk/credential-provider-sso" "3.287.0"
      "@aws-sdk/credential-provider-web-identity" "3.272.0"
      "@aws-sdk/property-provider" "3.272.0"
      "@aws-sdk/shared-ini-file-loader" "3.287.0"
      "@aws-sdk/types" "3.272.0"
      tslib "^2.3.1"
  
  "@aws-sdk/credential-provider-node@3.287.0":
    version "3.287.0"
    resolved "https://registry.yarnpkg.com/@aws-sdk/credential-provider-node/-/credential-provider-node-3.287.0.tgz#d15a254ae68b1d47e35085b21956f3d2b99f2807"
    integrity sha512-7f41hmgwMpMOFgDmpR76xEAXDlG4OHkS1pJU5bt9P4UL2EJWuxvJkdbvI4g9th+lT4cbzWXGFwK+oZ7xBKsVKw==
    dependencies:
      "@aws-sdk/credential-provider-env" "3.272.0"
      "@aws-sdk/credential-provider-imds" "3.287.0"
      "@aws-sdk/credential-provider-ini" "3.287.0"
      "@aws-sdk/credential-provider-process" "3.287.0"
      "@aws-sdk/credential-provider-sso" "3.287.0"
      "@aws-sdk/credential-provider-web-identity" "3.272.0"
      "@aws-sdk/property-provider" "3.272.0"
      "@aws-sdk/shared-ini-file-loader" "3.287.0"
      "@aws-sdk/types" "3.272.0"
      tslib "^2.3.1"
  
  "@aws-sdk/credential-provider-process@3.287.0":
    version "3.287.0"
    resolved "https://registry.yarnpkg.com/@aws-sdk/credential-provider-process/-/credential-provider-process-3.287.0.tgz#65579178f17c9384d8467bc9fb393bb5de1c0ede"
    integrity sha512-3iWtit/4Iyv/JjL2L0cO7v94NvsISTH/ak0CXqAgb2LdCOz0JN3txgg+ciZzdVLUP8M7x/bm4HjMcUVaxS0HZw==
    dependencies:
      "@aws-sdk/property-provider" "3.272.0"
      "@aws-sdk/shared-ini-file-loader" "3.287.0"
      "@aws-sdk/types" "3.272.0"
      tslib "^2.3.1"
  
  "@aws-sdk/credential-provider-sso@3.287.0":
    version "3.287.0"
    resolved "https://registry.yarnpkg.com/@aws-sdk/credential-provider-sso/-/credential-provider-sso-3.287.0.tgz#8cae004ed0e444558461ca8b5d92df5372b47a80"
    integrity sha512-aJGV4zIFOPWn6PQRjduI3jX+cPCtDtqTNefmsdpw+BIdWFwFINDwoCKfkodnkzxGrB0n35wkGEiddJlwlMwROA==
    dependencies:
      "@aws-sdk/client-sso" "3.287.0"
      "@aws-sdk/property-provider" "3.272.0"
      "@aws-sdk/shared-ini-file-loader" "3.287.0"
      "@aws-sdk/token-providers" "3.287.0"
      "@aws-sdk/types" "3.272.0"
      tslib "^2.3.1"
  
  "@aws-sdk/credential-provider-web-identity@3.272.0":
    version "3.272.0"
    resolved "https://registry.yarnpkg.com/@aws-sdk/credential-provider-web-identity/-/credential-provider-web-identity-3.272.0.tgz#2a1d8f73654c2d50bf27c6355a550bc389d6057e"
    integrity sha512-ImrHMkcgneGa/HadHAQXPwOrX26sAKuB8qlMxZF/ZCM2B55u8deY+ZVkVuraeKb7YsahMGehPFOfRAF6mvFI5Q==
    dependencies:
      "@aws-sdk/property-provider" "3.272.0"
      "@aws-sdk/types" "3.272.0"
      tslib "^2.3.1"
  
  "@aws-sdk/credential-providers@^3.186.0":
    version "3.287.0"
    resolved "https://registry.yarnpkg.com/@aws-sdk/credential-providers/-/credential-providers-3.287.0.tgz#fb9cd5af891dc5a94cce853eef603ce3db2db60e"
    integrity sha512-a0o5w93fVW4iGw8T2o2/kvqUbcATE+hjbPQt++5gPvQx1uhBLabeofgY5iNWXWegPT+4a7fp+dnCSppO2fY5Xg==
    dependencies:
      "@aws-sdk/client-cognito-identity" "3.287.0"
      "@aws-sdk/client-sso" "3.287.0"
      "@aws-sdk/client-sts" "3.287.0"
      "@aws-sdk/credential-provider-cognito-identity" "3.287.0"
      "@aws-sdk/credential-provider-env" "3.272.0"
      "@aws-sdk/credential-provider-imds" "3.287.0"
      "@aws-sdk/credential-provider-ini" "3.287.0"
      "@aws-sdk/credential-provider-node" "3.287.0"
      "@aws-sdk/credential-provider-process" "3.287.0"
      "@aws-sdk/credential-provider-sso" "3.287.0"
      "@aws-sdk/credential-provider-web-identity" "3.272.0"
      "@aws-sdk/property-provider" "3.272.0"
      "@aws-sdk/shared-ini-file-loader" "3.287.0"
      "@aws-sdk/types" "3.272.0"
      tslib "^2.3.1"
  
  "@aws-sdk/fetch-http-handler@3.282.0":
    version "3.282.0"
    resolved "https://registry.yarnpkg.com/@aws-sdk/fetch-http-handler/-/fetch-http-handler-3.282.0.tgz#aee6e441013880553b15db7ce66cbebba2e26f6b"
    integrity sha512-RTd53UzKtUucIEdVLGGgtlbVwp0QkOt3ZfHuA/A1lOH7meChSh1kz7B5z3p4HQDpXO+MQ1Y6Ble9Vg2fh1zwJQ==
    dependencies:
      "@aws-sdk/protocol-http" "3.282.0"
      "@aws-sdk/querystring-builder" "3.272.0"
      "@aws-sdk/types" "3.272.0"
      "@aws-sdk/util-base64" "3.208.0"
      tslib "^2.3.1"
  
  "@aws-sdk/hash-node@3.272.0":
    version "3.272.0"
    resolved "https://registry.yarnpkg.com/@aws-sdk/hash-node/-/hash-node-3.272.0.tgz#a39d80fd118ad306f17191f0565ea4db88aa0563"
    integrity sha512-40dwND+iAm3VtPHPZu7/+CIdVJFk2s0cWZt1lOiMPMSXycSYJ45wMk7Lly3uoqRx0uWfFK5iT2OCv+fJi5jTng==
    dependencies:
      "@aws-sdk/types" "3.272.0"
      "@aws-sdk/util-buffer-from" "3.208.0"
      "@aws-sdk/util-utf8" "3.254.0"
      tslib "^2.3.1"
  
  "@aws-sdk/invalid-dependency@3.272.0":
    version "3.272.0"
    resolved "https://registry.yarnpkg.com/@aws-sdk/invalid-dependency/-/invalid-dependency-3.272.0.tgz#93b34dc0f78d0c44a4beae6dc75dde4801915f1c"
    integrity sha512-ysW6wbjl1Y78txHUQ/Tldj2Rg1BI7rpMO9B9xAF6yAX3mQ7t6SUPQG/ewOGvH2208NBIl3qP5e/hDf0Q6r/1iw==
    dependencies:
      "@aws-sdk/types" "3.272.0"
      tslib "^2.3.1"
  
  "@aws-sdk/is-array-buffer@3.201.0":
    version "3.201.0"
    resolved "https://registry.yarnpkg.com/@aws-sdk/is-array-buffer/-/is-array-buffer-3.201.0.tgz#06e557adc284fac2f26071c2944ae01f61b95854"
    integrity sha512-UPez5qLh3dNgt0DYnPD/q0mVJY84rA17QE26hVNOW3fAji8W2wrwrxdacWOxyXvlxWsVRcKmr+lay1MDqpAMfg==
    dependencies:
      tslib "^2.3.1"
  
  "@aws-sdk/middleware-content-length@3.282.0":
    version "3.282.0"
    resolved "https://registry.yarnpkg.com/@aws-sdk/middleware-content-length/-/middleware-content-length-3.282.0.tgz#aa05051b33e94b0db46ede2e9839b601503e081a"
    integrity sha512-SDgMLRRTMr9LlHSNk4bXUXynYnkT4oNMqE+FxhjsdbT8hK36eS4AadM58R7nPwgjR3EuWRW4ZRRawLWatpWspA==
    dependencies:
      "@aws-sdk/protocol-http" "3.282.0"
      "@aws-sdk/types" "3.272.0"
      tslib "^2.3.1"
  
  "@aws-sdk/middleware-endpoint@3.282.0":
    version "3.282.0"
    resolved "https://registry.yarnpkg.com/@aws-sdk/middleware-endpoint/-/middleware-endpoint-3.282.0.tgz#c69615330932db1292206926752cac84428fde47"
    integrity sha512-8U9Mv/Sbdo1KI6/ip7IIUdBl5pgmalFbfkYAyO+AtmkEvawI9ipdWFs5HB0Dwd1BGVup5choY72Ik/7sCAAFTQ==
    dependencies:
      "@aws-sdk/middleware-serde" "3.272.0"
      "@aws-sdk/protocol-http" "3.282.0"
      "@aws-sdk/signature-v4" "3.282.0"
      "@aws-sdk/types" "3.272.0"
      "@aws-sdk/url-parser" "3.272.0"
      "@aws-sdk/util-config-provider" "3.208.0"
      "@aws-sdk/util-middleware" "3.272.0"
      tslib "^2.3.1"
  
  "@aws-sdk/middleware-host-header@3.282.0":
    version "3.282.0"
    resolved "https://registry.yarnpkg.com/@aws-sdk/middleware-host-header/-/middleware-host-header-3.282.0.tgz#3df90724f9a97b1bf8151faf7534ac7f7fa2c5e9"
    integrity sha512-90dfYow4zh4tCatTOnqB3nE/dIAucQLZnMqwN/WBPu0fUqjymzpsNkPchqWBPnSWdNE8w3PiKMqqD9rjYwqw4Q==
    dependencies:
      "@aws-sdk/protocol-http" "3.282.0"
      "@aws-sdk/types" "3.272.0"
      tslib "^2.3.1"
  
  "@aws-sdk/middleware-logger@3.287.0":
    version "3.287.0"
    resolved "https://registry.yarnpkg.com/@aws-sdk/middleware-logger/-/middleware-logger-3.287.0.tgz#1750e962c5e616cdb86d8d7b022e4e97f08bf02d"
    integrity sha512-YZe/3Qs3IelJGK/mUYrCAzTIP1iu6uN4NZCofRP113UXrbipSF+wG2rZWPYyJ/cfAXL1kG4SWtdcKvLiwVEn0g==
    dependencies:
      "@aws-sdk/types" "3.272.0"
      tslib "^2.3.1"
  
  "@aws-sdk/middleware-recursion-detection@3.282.0":
    version "3.282.0"
    resolved "https://registry.yarnpkg.com/@aws-sdk/middleware-recursion-detection/-/middleware-recursion-detection-3.282.0.tgz#7766d7dc95fa59e8fdfe2dc8cc5af647063eaa0f"
    integrity sha512-cSLq/daEaTEucbP/TgAXIOcpwLu7Bfw3VGzH1U56ngDjI4KWvUheF16JiB6OqKQXduPBPsdZ9dVmkDVKddmCRw==
    dependencies:
      "@aws-sdk/protocol-http" "3.282.0"
      "@aws-sdk/types" "3.272.0"
      tslib "^2.3.1"
  
  "@aws-sdk/middleware-retry@3.287.0":
    version "3.287.0"
    resolved "https://registry.yarnpkg.com/@aws-sdk/middleware-retry/-/middleware-retry-3.287.0.tgz#62e2fa750be65a9bc00b544f3bc5564493af194d"
    integrity sha512-pXIAWuwGpWRWjIIJwbkNQGbhOGoOYVaO5WZZ+65PgKkOVDLeCYU0O26PD5cHw2ksUye8dKGfIXHTbe4CmxDveA==
    dependencies:
      "@aws-sdk/protocol-http" "3.282.0"
      "@aws-sdk/service-error-classification" "3.272.0"
      "@aws-sdk/types" "3.272.0"
      "@aws-sdk/util-middleware" "3.272.0"
      "@aws-sdk/util-retry" "3.272.0"
      tslib "^2.3.1"
      uuid "^8.3.2"
  
  "@aws-sdk/middleware-sdk-sts@3.282.0":
    version "3.282.0"
    resolved "https://registry.yarnpkg.com/@aws-sdk/middleware-sdk-sts/-/middleware-sdk-sts-3.282.0.tgz#f8a52a0ef2b5e0bc7c3df697d0f24f85ea4f12c9"
    integrity sha512-Qe20mtJcF6lxt7280FhTFD2IpBDn39MEXmbm/zIkXR2/cAmvji8YhcxhNrq1l7XiuMM6SokBDC/f3dlF1oOC6g==
    dependencies:
      "@aws-sdk/middleware-signing" "3.282.0"
      "@aws-sdk/property-provider" "3.272.0"
      "@aws-sdk/protocol-http" "3.282.0"
      "@aws-sdk/signature-v4" "3.282.0"
      "@aws-sdk/types" "3.272.0"
      tslib "^2.3.1"
  
  "@aws-sdk/middleware-serde@3.272.0":
    version "3.272.0"
    resolved "https://registry.yarnpkg.com/@aws-sdk/middleware-serde/-/middleware-serde-3.272.0.tgz#9cb23aaa93fbf404fdb8e01b514b36b2d6fb5bc8"
    integrity sha512-kW1uOxgPSwtXPB5rm3QLdWomu42lkYpQL94tM1BjyFOWmBLO2lQhk5a7Dw6HkTozT9a+vxtscLChRa6KZe61Hw==
    dependencies:
      "@aws-sdk/types" "3.272.0"
      tslib "^2.3.1"
  
  "@aws-sdk/middleware-signing@3.282.0":
    version "3.282.0"
    resolved "https://registry.yarnpkg.com/@aws-sdk/middleware-signing/-/middleware-signing-3.282.0.tgz#10551814e112300bfae906e00f9045ddad9fa05f"
    integrity sha512-eE5qMDcqqxZPdSwybUEph/knrA2j2cHjW+B2ddROw3Ojg0XLjep5hOhithAudgBREQhYF9pdsBr6mUMynUIrKw==
    dependencies:
      "@aws-sdk/property-provider" "3.272.0"
      "@aws-sdk/protocol-http" "3.282.0"
      "@aws-sdk/signature-v4" "3.282.0"
      "@aws-sdk/types" "3.272.0"
      "@aws-sdk/util-middleware" "3.272.0"
      tslib "^2.3.1"
  
  "@aws-sdk/middleware-stack@3.272.0":
    version "3.272.0"
    resolved "https://registry.yarnpkg.com/@aws-sdk/middleware-stack/-/middleware-stack-3.272.0.tgz#e62048e47b8ce2ff71d6d32234b6c0be70b0b008"
    integrity sha512-jhwhknnPBGhfXAGV5GXUWfEhDFoP/DN8MPCO2yC5OAxyp6oVJ8lTPLkZYMTW5VL0c0eG44dXpF4Ib01V+PlDrQ==
    dependencies:
      tslib "^2.3.1"
  
  "@aws-sdk/middleware-user-agent@3.282.0":
    version "3.282.0"
    resolved "https://registry.yarnpkg.com/@aws-sdk/middleware-user-agent/-/middleware-user-agent-3.282.0.tgz#6f6f3ed06bbf90c871516e1cdbce4cb98b90da2e"
    integrity sha512-P1ealsSrUALo0w0Qu5nBKsNQwsmqIfsoNtFWpaznjIcXE5rRMlZL69zb0KnGbQCBfEXsgaMOWjeGT8I3/XbOHQ==
    dependencies:
      "@aws-sdk/protocol-http" "3.282.0"
      "@aws-sdk/types" "3.272.0"
      tslib "^2.3.1"
  
  "@aws-sdk/node-config-provider@3.287.0":
    version "3.287.0"
    resolved "https://registry.yarnpkg.com/@aws-sdk/node-config-provider/-/node-config-provider-3.287.0.tgz#c706d285afa01f457cd6948e306849d674496fc1"
    integrity sha512-+AO5dy6JEDvgtH9fcuCNnAQd6ilZjww8d/HNTCb5xOhiW1/pKSNMRhouGfn47uxq61WwDN/qUnv2nlVN83RB6w==
    dependencies:
      "@aws-sdk/property-provider" "3.272.0"
      "@aws-sdk/shared-ini-file-loader" "3.287.0"
      "@aws-sdk/types" "3.272.0"
      tslib "^2.3.1"
  
  "@aws-sdk/node-http-handler@3.282.0":
    version "3.282.0"
    resolved "https://registry.yarnpkg.com/@aws-sdk/node-http-handler/-/node-http-handler-3.282.0.tgz#dde64a0977d98dc862770fc99b5127ff48726a9e"
    integrity sha512-LIA4lsSKA/l1kTR5ERkJG2gARveB7Y40MR6yDwtIuhXeVu7Xo9m4BJFanCYIbyc093W0T53x438bwoBR+R+/fw==
    dependencies:
      "@aws-sdk/abort-controller" "3.272.0"
      "@aws-sdk/protocol-http" "3.282.0"
      "@aws-sdk/querystring-builder" "3.272.0"
      "@aws-sdk/types" "3.272.0"
      tslib "^2.3.1"
  
  "@aws-sdk/property-provider@3.272.0":
    version "3.272.0"
    resolved "https://registry.yarnpkg.com/@aws-sdk/property-provider/-/property-provider-3.272.0.tgz#a626604303acfe83c1a1471f99872dee5641c1a4"
    integrity sha512-V1pZTaH5eqpAt8O8CzbItHhOtzIfFuWymvwZFkAtwKuaHpnl7jjrTouV482zoq8AD/fF+VVSshwBKYA7bhidIw==
    dependencies:
      "@aws-sdk/types" "3.272.0"
      tslib "^2.3.1"
  
  "@aws-sdk/protocol-http@3.282.0":
    version "3.282.0"
    resolved "https://registry.yarnpkg.com/@aws-sdk/protocol-http/-/protocol-http-3.282.0.tgz#ed6b345fad824bea27bd78dcc3f6b54c55118d70"
    integrity sha512-aOPv5DhsbG06WKfeh2g0H8RGnaeI8pLhaA+Mq1BvzXcghhlDu+FM9K/GjC/f1lWk1UNryfevOR7SdQm95ciHQg==
    dependencies:
      "@aws-sdk/types" "3.272.0"
      tslib "^2.3.1"
  
  "@aws-sdk/querystring-builder@3.272.0":
    version "3.272.0"
    resolved "https://registry.yarnpkg.com/@aws-sdk/querystring-builder/-/querystring-builder-3.272.0.tgz#788ca037e21942bb039c920c5dfa4d412b84ea27"
    integrity sha512-ndo++7GkdCj5tBXE6rGcITpSpZS4PfyV38wntGYAlj9liL1omk3bLZRY6uzqqkJpVHqbg2fD7O2qHNItzZgqhw==
    dependencies:
      "@aws-sdk/types" "3.272.0"
      "@aws-sdk/util-uri-escape" "3.201.0"
      tslib "^2.3.1"
  
  "@aws-sdk/querystring-parser@3.272.0":
    version "3.272.0"
    resolved "https://registry.yarnpkg.com/@aws-sdk/querystring-parser/-/querystring-parser-3.272.0.tgz#68db5798d10a353c35f62bf34cfcebaa53580e51"
    integrity sha512-5oS4/9n6N1LZW9tI3qq/0GnCuWoOXRgcHVB+AJLRBvDbEe+GI+C/xK1tKLsfpDNgsQJHc4IPQoIt4megyZ/1+A==
    dependencies:
      "@aws-sdk/types" "3.272.0"
      tslib "^2.3.1"
  
  "@aws-sdk/service-error-classification@3.272.0":
    version "3.272.0"
    resolved "https://registry.yarnpkg.com/@aws-sdk/service-error-classification/-/service-error-classification-3.272.0.tgz#cf19b82c2ab1e63bb03793c68e6a2b2e7cbd8382"
    integrity sha512-REoltM1LK9byyIufLqx9znhSolPcHQgVHIA2S0zu5sdt5qER4OubkLAXuo4MBbisUTmh8VOOvIyUb5ijZCXq1w==
  
  "@aws-sdk/shared-ini-file-loader@3.287.0":
    version "3.287.0"
    resolved "https://registry.yarnpkg.com/@aws-sdk/shared-ini-file-loader/-/shared-ini-file-loader-3.287.0.tgz#9e02200eaf57aaef02d3c304f7818c38e2a21f1f"
    integrity sha512-CxZp6R11uC12lNg+vKXc8bU7mqIrM43ZY2BbLRZ4tBlc7RLQpcJyccpEwEQAmJq0PA+rDUNod0gYnrM5DOUCLg==
    dependencies:
      "@aws-sdk/types" "3.272.0"
      tslib "^2.3.1"
  
  "@aws-sdk/signature-v4@3.282.0":
    version "3.282.0"
    resolved "https://registry.yarnpkg.com/@aws-sdk/signature-v4/-/signature-v4-3.282.0.tgz#5ce58267b8225fadbf5134e616e02fae567cfc0a"
    integrity sha512-rnSL3UyF/No7+O2EMtN1sTCiqL1a+odbfnfo3wCSl8DH5PEYINt2kZgVEvT1Fgaffk1pUggBBOZoR+arPIIDJA==
    dependencies:
      "@aws-sdk/is-array-buffer" "3.201.0"
      "@aws-sdk/types" "3.272.0"
      "@aws-sdk/util-hex-encoding" "3.201.0"
      "@aws-sdk/util-middleware" "3.272.0"
      "@aws-sdk/util-uri-escape" "3.201.0"
      "@aws-sdk/util-utf8" "3.254.0"
      tslib "^2.3.1"
  
  "@aws-sdk/smithy-client@3.279.0":
    version "3.279.0"
    resolved "https://registry.yarnpkg.com/@aws-sdk/smithy-client/-/smithy-client-3.279.0.tgz#a3d90b7fb8e335cb8da46b70133c3db0d4ada8c5"
    integrity sha512-ZcYWUQDGAYN6NXRpJuSn46PetrpPCA6TrDVwP9+3pERzTXZ66npXoG2XhHjNrOXy/Ted5A3OxKrM4/zLu9tK3A==
    dependencies:
      "@aws-sdk/middleware-stack" "3.272.0"
      "@aws-sdk/types" "3.272.0"
      tslib "^2.3.1"
  
  "@aws-sdk/token-providers@3.287.0":
    version "3.287.0"
    resolved "https://registry.yarnpkg.com/@aws-sdk/token-providers/-/token-providers-3.287.0.tgz#0a6336e3a8960e17c5ccbf824e1343ebbbe70512"
    integrity sha512-RuqgncuQpLD5+W84RbTj/pgJmrjxSPJG0GBAtnISXrc39mGoc0ArOzQUTKIs+cLqDY+WS1/pqXlnQmKvmw3TQw==
    dependencies:
      "@aws-sdk/client-sso-oidc" "3.287.0"
      "@aws-sdk/property-provider" "3.272.0"
      "@aws-sdk/shared-ini-file-loader" "3.287.0"
      "@aws-sdk/types" "3.272.0"
      tslib "^2.3.1"
  
  "@aws-sdk/types@3.272.0", "@aws-sdk/types@^3.222.0":
    version "3.272.0"
    resolved "https://registry.yarnpkg.com/@aws-sdk/types/-/types-3.272.0.tgz#83670e4009c2e72f1fdf55816c55c9f8b5935e0a"
    integrity sha512-MmmL6vxMGP5Bsi+4wRx4mxYlU/LX6M0noOXrDh/x5FfG7/4ZOar/nDxqDadhJtNM88cuWVHZWY59P54JzkGWmA==
    dependencies:
      tslib "^2.3.1"
  
  "@aws-sdk/url-parser@3.272.0":
    version "3.272.0"
    resolved "https://registry.yarnpkg.com/@aws-sdk/url-parser/-/url-parser-3.272.0.tgz#1a21abb8815ccc2c1344a3dfab0343f4e3eff4d3"
    integrity sha512-vX/Tx02PlnQ/Kgtf5TnrNDHPNbY+amLZjW0Z1d9vzAvSZhQ4i9Y18yxoRDIaDTCNVRDjdhV8iuctW+05PB5JtQ==
    dependencies:
      "@aws-sdk/querystring-parser" "3.272.0"
      "@aws-sdk/types" "3.272.0"
      tslib "^2.3.1"
  
  "@aws-sdk/util-base64@3.208.0":
    version "3.208.0"
    resolved "https://registry.yarnpkg.com/@aws-sdk/util-base64/-/util-base64-3.208.0.tgz#36b430e5396251f761590f7c2f0c5c12193f353c"
    integrity sha512-PQniZph5A6N7uuEOQi+1hnMz/FSOK/8kMFyFO+4DgA1dZ5pcKcn5wiFwHkcTb/BsgVqQa3Jx0VHNnvhlS8JyTg==
    dependencies:
      "@aws-sdk/util-buffer-from" "3.208.0"
      tslib "^2.3.1"
  
  "@aws-sdk/util-body-length-browser@3.188.0":
    version "3.188.0"
    resolved "https://registry.yarnpkg.com/@aws-sdk/util-body-length-browser/-/util-body-length-browser-3.188.0.tgz#e1d949318c10a621b38575a9ef01e39f9857ddb0"
    integrity sha512-8VpnwFWXhnZ/iRSl9mTf+VKOX9wDE8QtN4bj9pBfxwf90H1X7E8T6NkiZD3k+HubYf2J94e7DbeHs7fuCPW5Qg==
    dependencies:
      tslib "^2.3.1"
  
  "@aws-sdk/util-body-length-node@3.208.0":
    version "3.208.0"
    resolved "https://registry.yarnpkg.com/@aws-sdk/util-body-length-node/-/util-body-length-node-3.208.0.tgz#baabd1fa1206ff2bd4ce3785122d86eb3258dd20"
    integrity sha512-3zj50e5g7t/MQf53SsuuSf0hEELzMtD8RX8C76f12OSRo2Bca4FLLYHe0TZbxcfQHom8/hOaeZEyTyMogMglqg==
    dependencies:
      tslib "^2.3.1"
  
  "@aws-sdk/util-buffer-from@3.208.0":
    version "3.208.0"
    resolved "https://registry.yarnpkg.com/@aws-sdk/util-buffer-from/-/util-buffer-from-3.208.0.tgz#285e86f6dc9030148a4147d65239e75cb254a1b0"
    integrity sha512-7L0XUixNEFcLUGPeBF35enCvB9Xl+K6SQsmbrPk1P3mlV9mguWSDQqbOBwY1Ir0OVbD6H/ZOQU7hI/9RtRI0Zw==
    dependencies:
      "@aws-sdk/is-array-buffer" "3.201.0"
      tslib "^2.3.1"
  
  "@aws-sdk/util-config-provider@3.208.0":
    version "3.208.0"
    resolved "https://registry.yarnpkg.com/@aws-sdk/util-config-provider/-/util-config-provider-3.208.0.tgz#c485fd83fbac051337e5f6be60ea3f9fa61c0139"
    integrity sha512-DSRqwrERUsT34ug+anlMBIFooBEGwM8GejC7q00Y/9IPrQy50KnG5PW2NiTjuLKNi7pdEOlwTSEocJE15eDZIg==
    dependencies:
      tslib "^2.3.1"
  
  "@aws-sdk/util-defaults-mode-browser@3.279.0":
    version "3.279.0"
    resolved "https://registry.yarnpkg.com/@aws-sdk/util-defaults-mode-browser/-/util-defaults-mode-browser-3.279.0.tgz#8d16977f0162e272b2d77d67c4588a6374e8bd6e"
    integrity sha512-RnchYRrpapTT5Hu23LOfk6e8RMVq0kUzho6xA6TJj1a4uGxkcRMvgzPipCq1P5uHu0mrkQBg9pGPEVNOUs38/Q==
    dependencies:
      "@aws-sdk/property-provider" "3.272.0"
      "@aws-sdk/types" "3.272.0"
      bowser "^2.11.0"
      tslib "^2.3.1"
  
  "@aws-sdk/util-defaults-mode-node@3.287.0":
    version "3.287.0"
    resolved "https://registry.yarnpkg.com/@aws-sdk/util-defaults-mode-node/-/util-defaults-mode-node-3.287.0.tgz#bc03551104f18202862660218780629a0157ed58"
    integrity sha512-ZGpbPvUA+m+Lf01eTDHkXmulEPT4LphffEt6M9cHPMhwEZfzxhXLyNXyGRunraoBBzB62hKBbFM2atsoHpuIZA==
    dependencies:
      "@aws-sdk/config-resolver" "3.287.0"
      "@aws-sdk/credential-provider-imds" "3.287.0"
      "@aws-sdk/node-config-provider" "3.287.0"
      "@aws-sdk/property-provider" "3.272.0"
      "@aws-sdk/types" "3.272.0"
      tslib "^2.3.1"
  
  "@aws-sdk/util-endpoints@3.272.0":
    version "3.272.0"
    resolved "https://registry.yarnpkg.com/@aws-sdk/util-endpoints/-/util-endpoints-3.272.0.tgz#4e4c849708634c3dd840a11abaacb02c89db46d3"
    integrity sha512-c4MPUaJt2G6gGpoiwIOqDfUa98c1J63RpYvf/spQEKOtC/tF5Gfqlxuq8FnAl5lHnrqj1B9ZXLLxFhHtDR0IiQ==
    dependencies:
      "@aws-sdk/types" "3.272.0"
      tslib "^2.3.1"
  
  "@aws-sdk/util-hex-encoding@3.201.0":
    version "3.201.0"
    resolved "https://registry.yarnpkg.com/@aws-sdk/util-hex-encoding/-/util-hex-encoding-3.201.0.tgz#21d7ec319240ee68c33d938e71cb79830bea315d"
    integrity sha512-7t1vR1pVxKx0motd3X9rI3m/xNp78p3sHtP5yo4NP4ARpxyJ0fokBomY8ScaH2D/B+U5o9ARxldJUdMqyBlJcA==
    dependencies:
      tslib "^2.3.1"
  
  "@aws-sdk/util-locate-window@^3.0.0":
    version "3.208.0"
    resolved "https://registry.yarnpkg.com/@aws-sdk/util-locate-window/-/util-locate-window-3.208.0.tgz#0f598fc238a1256e4bcb64d01459f03a922dd4c3"
    integrity sha512-iua1A2+P7JJEDHVgvXrRJSvsnzG7stYSGQnBVphIUlemwl6nN5D+QrgbjECtrbxRz8asYFHSzhdhECqN+tFiBg==
    dependencies:
      tslib "^2.3.1"
  
  "@aws-sdk/util-middleware@3.272.0":
    version "3.272.0"
    resolved "https://registry.yarnpkg.com/@aws-sdk/util-middleware/-/util-middleware-3.272.0.tgz#ed7d732a34659b07f949e2de39cde66271a3c632"
    integrity sha512-Abw8m30arbwxqmeMMha5J11ESpHUNmCeSqSzE8/C4B8jZQtHY4kq7f+upzcNIQ11lsd+uzBEzNG3+dDRi0XOJQ==
    dependencies:
      tslib "^2.3.1"
  
  "@aws-sdk/util-retry@3.272.0":
    version "3.272.0"
    resolved "https://registry.yarnpkg.com/@aws-sdk/util-retry/-/util-retry-3.272.0.tgz#049f777d4a8f9fd7b7ed02e116d3a23ceb34f128"
    integrity sha512-Ngha5414LR4gRHURVKC9ZYXsEJhMkm+SJ+44wlzOhavglfdcKKPUsibz5cKY1jpUV7oKECwaxHWpBB8r6h+hOg==
    dependencies:
      "@aws-sdk/service-error-classification" "3.272.0"
      tslib "^2.3.1"
  
  "@aws-sdk/util-uri-escape@3.201.0":
    version "3.201.0"
    resolved "https://registry.yarnpkg.com/@aws-sdk/util-uri-escape/-/util-uri-escape-3.201.0.tgz#5e708d4cde001a4558ee616f889ceacfadd2ab03"
    integrity sha512-TeTWbGx4LU2c5rx0obHeDFeO9HvwYwQtMh1yniBz00pQb6Qt6YVOETVQikRZ+XRQwEyCg/dA375UplIpiy54mA==
    dependencies:
      tslib "^2.3.1"
  
  "@aws-sdk/util-user-agent-browser@3.282.0":
    version "3.282.0"
    resolved "https://registry.yarnpkg.com/@aws-sdk/util-user-agent-browser/-/util-user-agent-browser-3.282.0.tgz#00998e8bbab30baa45c38701907b80338abe55cc"
    integrity sha512-Z639oyTa5fZfyi4Xr64+eiAwBCxfpe9Op4Vhnr1z/RwonQM/qywydv6Ttpeq1q5uQ0nG4wTkOMpfh39g+VqIgw==
    dependencies:
      "@aws-sdk/types" "3.272.0"
      bowser "^2.11.0"
      tslib "^2.3.1"
  
  "@aws-sdk/util-user-agent-node@3.287.0":
    version "3.287.0"
    resolved "https://registry.yarnpkg.com/@aws-sdk/util-user-agent-node/-/util-user-agent-node-3.287.0.tgz#d5ce49b3282142e0bbc700c14350933cf3524d32"
    integrity sha512-yXg0C3WyxyRkQstR4VCTgnEPQd/ViRz+9rEPkYNIWXPvp1l8hPygk5q9tmSD09Lg8wzm6jR6V0MSyJnbwdzq+g==
    dependencies:
      "@aws-sdk/node-config-provider" "3.287.0"
      "@aws-sdk/types" "3.272.0"
      tslib "^2.3.1"
  
  "@aws-sdk/util-utf8-browser@^3.0.0":
    version "3.259.0"
    resolved "https://registry.yarnpkg.com/@aws-sdk/util-utf8-browser/-/util-utf8-browser-3.259.0.tgz#3275a6f5eb334f96ca76635b961d3c50259fd9ff"
    integrity sha512-UvFa/vR+e19XookZF8RzFZBrw2EUkQWxiBW0yYQAhvk3C+QVGl0H3ouca8LDBlBfQKXwmW3huo/59H8rwb1wJw==
    dependencies:
      tslib "^2.3.1"
  
  "@aws-sdk/util-utf8@3.254.0":
    version "3.254.0"
    resolved "https://registry.yarnpkg.com/@aws-sdk/util-utf8/-/util-utf8-3.254.0.tgz#909af9c6549833a9a9bf77004b7484bfc96b2c35"
    integrity sha512-14Kso/eIt5/qfIBmhEL9L1IfyUqswjSTqO2mY7KOzUZ9SZbwn3rpxmtkhmATkRjD7XIlLKaxBkI7tU9Zjzj8Kw==
    dependencies:
      "@aws-sdk/util-buffer-from" "3.208.0"
      tslib "^2.3.1"
  
  "@mikro-orm/core@^5.5.3":
    version "5.6.13"
    resolved "https://registry.yarnpkg.com/@mikro-orm/core/-/core-5.6.13.tgz#21c8364acd31454bb6a0457ced0374768a75d97b"
    integrity sha512-PvFi1clhsBM+RJGQXQoNmFS2N917TA7PJqRJOdX+9WtGiJpj3DBCKdRAKbZ7KPkApNrEHWHUOsqWhRAMMdFU5w==
    dependencies:
      acorn-loose "8.3.0"
      acorn-walk "8.2.0"
      dotenv "16.0.3"
      fs-extra "11.1.0"
      globby "11.1.0"
      mikro-orm "~5.6.13"
      reflect-metadata "0.1.13"
  
  "@mikro-orm/mongodb@^5.5.3":
    version "5.6.13"
    resolved "https://registry.yarnpkg.com/@mikro-orm/mongodb/-/mongodb-5.6.13.tgz#d45e3c003bcce5f6746fd46ec92ddbbee9f78609"
    integrity sha512-k3dGqfjyBZv0mAgSrqEz6xE3CvBy9SU5xdyauegb2L3VFAiqDfiqZwL96hLLi72YXQj5JZtZSDt00niHJZArWQ==
    dependencies:
      bson "^4.7.0"
      mongodb "4.13.0"
  
  "@noble/hashes@1.1.2":
    version "1.1.2"
    resolved "https://registry.yarnpkg.com/@noble/hashes/-/hashes-1.1.2.tgz#e9e035b9b166ca0af657a7848eb2718f0f22f183"
    integrity sha512-KYRCASVTv6aeUi1tsF8/vpyR7zpfs3FUzy2Jqm+MU+LmUKhQ0y2FpfwqkCcxSg2ua4GALJd8k2R76WxwZGbQpA==
  
  "@noble/hashes@^1.1.2":
    version "1.2.0"
    resolved "https://registry.yarnpkg.com/@noble/hashes/-/hashes-1.2.0.tgz#a3150eeb09cc7ab207ebf6d7b9ad311a9bdbed12"
    integrity sha512-FZfhjEDbT5GRswV3C6uvLPHMiVD6lQBmpoX5+eSiPaMTXte/IKqI5dykDxzZB/WBeK/CDuQRBWarPdi3FNY2zQ==
  
  "@noble/secp256k1@1.7.1":
    version "1.7.1"
    resolved "https://registry.yarnpkg.com/@noble/secp256k1/-/secp256k1-1.7.1.tgz#b251c70f824ce3ca7f8dc3df08d58f005cc0507c"
    integrity sha512-hOUk6AyBFmqVrv7k5WAw/LpszxVbj9gGN4JRkIX52fdFAj1UA61KXmZDvqVEm+pOyec3+fIeZB02LYa/pWOArw==
  
  "@nodelib/fs.scandir@2.1.5":
    version "2.1.5"
    resolved "https://registry.yarnpkg.com/@nodelib/fs.scandir/-/fs.scandir-2.1.5.tgz#7619c2eb21b25483f6d167548b4cfd5a7488c3d5"
    integrity sha512-vq24Bq3ym5HEQm2NKCr3yXDwjc7vTsEThRDnkp2DK9p1uqLR+DHurm/NOTo0KG7HYHU7eppKZj3MyqYuMBf62g==
    dependencies:
      "@nodelib/fs.stat" "2.0.5"
      run-parallel "^1.1.9"
  
  "@nodelib/fs.stat@2.0.5", "@nodelib/fs.stat@^2.0.2":
    version "2.0.5"
    resolved "https://registry.yarnpkg.com/@nodelib/fs.stat/-/fs.stat-2.0.5.tgz#5bd262af94e9d25bd1e71b05deed44876a222e8b"
    integrity sha512-RkhPPp2zrqDAQA/2jNhnztcPAlv64XdhIp7a7454A5ovI7Bukxgt7MX7udwAu3zg1DcpPU0rz3VV1SeaqvY4+A==
  
  "@nodelib/fs.walk@^1.2.3":
    version "1.2.8"
    resolved "https://registry.yarnpkg.com/@nodelib/fs.walk/-/fs.walk-1.2.8.tgz#e95737e8bb6746ddedf69c556953494f196fe69a"
    integrity sha512-oGB+UxlgWcgQkgwo8GcEGwemoTFt3FIO9ababBmaGwXIoBKZ+GTy0pP185beGg7Llih/NSHSV2XAs1lnznocSg==
    dependencies:
      "@nodelib/fs.scandir" "2.1.5"
      fastq "^1.6.0"
  
  "@types/node-fetch@^2.6.2":
    version "2.6.2"
    resolved "https://registry.yarnpkg.com/@types/node-fetch/-/node-fetch-2.6.2.tgz#d1a9c5fd049d9415dce61571557104dec3ec81da"
    integrity sha512-DHqhlq5jeESLy19TYhLakJ07kNumXWjcDdxXsLUMJZ6ue8VZJj4kLPQVE/2mdHh3xZziNF1xppu5lwmS53HR+A==
    dependencies:
      "@types/node" "*"
      form-data "^3.0.0"
  
  "@types/node@*", "@types/node@^18.11.10":
    version "18.14.6"
    resolved "https://registry.yarnpkg.com/@types/node/-/node-18.14.6.tgz#ae1973dd2b1eeb1825695bb11ebfb746d27e3e93"
    integrity sha512-93+VvleD3mXwlLI/xASjw0FzKcwzl3OdTCzm1LaRfqgS21gfFtK3zDXM5Op9TeeMsJVOaJ2VRDpT9q4Y3d0AvA==
  
  "@types/validator@^13.7.10":
    version "13.7.13"
    resolved "https://registry.yarnpkg.com/@types/validator/-/validator-13.7.13.tgz#05f2e5663d5d518b04bd69694766807ab20c7288"
    integrity sha512-EMfHccxNKXaSxTK6DN0En9WsXa7uR4w3LQtx31f6Z2JjG5hJQeVX5zUYMZoatjZgnoQmRcT94WnNWwi0BzQW6Q==
  
  "@types/webidl-conversions@*":
    version "7.0.0"
    resolved "https://registry.yarnpkg.com/@types/webidl-conversions/-/webidl-conversions-7.0.0.tgz#2b8e60e33906459219aa587e9d1a612ae994cfe7"
    integrity sha512-xTE1E+YF4aWPJJeUzaZI5DRntlkY3+BCVJi0axFptnjGmAoWxkyREIh/XMrfxVLejwQxMCfDXdICo0VLxThrog==
  
  "@types/whatwg-url@^8.2.1":
    version "8.2.2"
    resolved "https://registry.yarnpkg.com/@types/whatwg-url/-/whatwg-url-8.2.2.tgz#749d5b3873e845897ada99be4448041d4cc39e63"
    integrity sha512-FtQu10RWgn3D9U4aazdwIE2yzphmTJREDqNdODHrbrZmmMqI0vMheC/6NE/J1Yveaj8H+ela+YwWTjq5PGmuhA==
    dependencies:
      "@types/node" "*"
      "@types/webidl-conversions" "*"
  
  "@types/ws@^8.5.4":
    version "8.5.4"
    resolved "https://registry.yarnpkg.com/@types/ws/-/ws-8.5.4.tgz#bb10e36116d6e570dd943735f86c933c1587b8a5"
    integrity sha512-zdQDHKUgcX/zBc4GrwsE/7dVdAD8JR4EuiAXiiUhhfyIJXXb2+PrGshFyeXWQPMmmZ2XxgaqclgpIC7eTXc1mg==
    dependencies:
      "@types/node" "*"
  
  "@wagmi/chains@~0.2.11":
    version "0.2.11"
    resolved "https://registry.yarnpkg.com/@wagmi/chains/-/chains-0.2.11.tgz#3f5bed54524f2d3399944946b88b1e7207aa5a8d"
    integrity sha512-aMrI1zKKXdeAaiTxBiv+3Zfgd3IajCDpxBtPPvpjXuWVRe4ikwzbyZ1HARKj3V1+wNMPng8EJiWpN966PcvROg==
  
  abitype@~0.6.7:
    version "0.6.8"
    resolved "https://registry.yarnpkg.com/abitype/-/abitype-0.6.8.tgz#48b6fbbf603b59fd17e5dad46c6253d8df464182"
    integrity sha512-eEBArafvVXdPoCNcdG7FYX3U5lhAXAH3QE8dj7RncsNm4N5Rv5PpWctUNDVu/oxjsuQOTLcjOxIdOwhcbkKk0Q==
  
  acorn-loose@8.3.0:
    version "8.3.0"
    resolved "https://registry.yarnpkg.com/acorn-loose/-/acorn-loose-8.3.0.tgz#0cd62461d21dce4f069785f8d3de136d5525029a"
    integrity sha512-75lAs9H19ldmW+fAbyqHdjgdCrz0pWGXKmnqFoh8PyVd1L2RIb4RzYrSjmopeqv3E1G3/Pimu6GgLlrGbrkF7w==
    dependencies:
      acorn "^8.5.0"
  
  acorn-walk@8.2.0:
    version "8.2.0"
    resolved "https://registry.yarnpkg.com/acorn-walk/-/acorn-walk-8.2.0.tgz#741210f2e2426454508853a2f44d0ab83b7f69c1"
    integrity sha512-k+iyHEuPgSw6SbuDpGQM+06HQUa04DZ3o+F6CSzXMvvI5KMvnaEqXe+YVe555R9nn6GPt404fos4wcgpw12SDA==
  
  acorn@^8.5.0:
    version "8.8.2"
    resolved "https://registry.yarnpkg.com/acorn/-/acorn-8.8.2.tgz#1b2f25db02af965399b9776b0c2c391276d37c4a"
    integrity sha512-xjIYgE8HBrkpd/sJqOGNspf8uHG+NOHGOw6a/Urj8taM2EXfdNAH2oFcPeIFfsv3+kz/mJrS5VuMqbNLjCa2vw==
  
  aes-js@4.0.0-beta.3:
    version "4.0.0-beta.3"
    resolved "https://registry.yarnpkg.com/aes-js/-/aes-js-4.0.0-beta.3.tgz#da2253f0ff03a0b3a9e445c8cbdf78e7fda7d48c"
    integrity sha512-/xJX0/VTPcbc5xQE2VUP91y1xN8q/rDfhEzLm+vLc3hYvb5+qHCnpJRuFcrKn63zumK/sCwYYzhG8HP78JYSTA==
  
  array-union@^2.1.0:
    version "2.1.0"
    resolved "https://registry.yarnpkg.com/array-union/-/array-union-2.1.0.tgz#b798420adbeb1de828d84acd8a2e23d3efe85e8d"
    integrity sha512-HGyxoOTYUyCM6stUe6EJgnd4EoewAI7zMdfqO+kGjnlZmBDz/cR5pf8r/cR4Wq60sL/p0IkcjUEEPwS3GFrIyw==
  
  asynckit@^0.4.0:
    version "0.4.0"
    resolved "https://registry.yarnpkg.com/asynckit/-/asynckit-0.4.0.tgz#c79ed97f7f34cb8f2ba1bc9790bcc366474b4b79"
    integrity sha512-Oei9OH4tRh0YqU3GxhX79dM/mwVgvbZJaSNaRk+bshkj0S5cfHcgYakreBjrHwatXKbz+IoIdYLxrKim2MjW0Q==
  
  base64-js@^1.3.1:
    version "1.5.1"
    resolved "https://registry.yarnpkg.com/base64-js/-/base64-js-1.5.1.tgz#1b1b440160a5bf7ad40b650f095963481903930a"
    integrity sha512-AKpaYlHn8t4SVbOHCy+b5+KKgvR4vrsD8vbvrbiQJps7fKDTkjkDry6ji0rUJjC0kzbNePLwzxq8iypo41qeWA==
  
  bowser@^2.11.0:
    version "2.11.0"
    resolved "https://registry.yarnpkg.com/bowser/-/bowser-2.11.0.tgz#5ca3c35757a7aa5771500c70a73a9f91ef420a8f"
    integrity sha512-AlcaJBi/pqqJBIQ8U9Mcpc9i8Aqxn88Skv5d+xBX006BY5u8N3mGLHa5Lgppa7L/HfwgwLgZ6NYs+Ag6uUmJRA==
  
  braces@^3.0.2:
    version "3.0.2"
    resolved "https://registry.yarnpkg.com/braces/-/braces-3.0.2.tgz#3454e1a462ee8d599e236df336cd9ea4f8afe107"
    integrity sha512-b8um+L1RzM3WDSzvhm6gIz1yfTbBt6YTlcEKAvsmqCZZFw46z626lVj9j1yEPW33H5H+lBQpZMP1k8l+78Ha0A==
    dependencies:
      fill-range "^7.0.1"
  
  bson@^4.7.0:
    version "4.7.2"
    resolved "https://registry.yarnpkg.com/bson/-/bson-4.7.2.tgz#320f4ad0eaf5312dd9b45dc369cc48945e2a5f2e"
    integrity sha512-Ry9wCtIZ5kGqkJoi6aD8KjxFZEx78guTQDnpXWiNthsxzrxAK/i8E6pCHAIZTbaEFWcOCvbecMukfK7XUvyLpQ==
    dependencies:
      buffer "^5.6.0"
  
  buffer@^5.6.0:
    version "5.7.1"
    resolved "https://registry.yarnpkg.com/buffer/-/buffer-5.7.1.tgz#ba62e7c13133053582197160851a8f648e99eed0"
    integrity sha512-EHcyIPBQ4BSGlvjB16k5KgAJ27CIsHY/2JBmCRReo48y9rQ3MaUzWX3KVlBa4U7MyX02HdVj0K7C3WaB3ju7FQ==
    dependencies:
      base64-js "^1.3.1"
      ieee754 "^1.1.13"
  
  class-validator@^0.14.0:
    version "0.14.0"
    resolved "https://registry.yarnpkg.com/class-validator/-/class-validator-0.14.0.tgz#40ed0ecf3c83b2a8a6a320f4edb607be0f0df159"
    integrity sha512-ct3ltplN8I9fOwUd8GrP8UQixwff129BkEtuWDKL5W45cQuLd19xqmTLu5ge78YDm/fdje6FMt0hGOhl0lii3A==
    dependencies:
      "@types/validator" "^13.7.10"
      libphonenumber-js "^1.10.14"
      validator "^13.7.0"
  
  combined-stream@^1.0.8:
    version "1.0.8"
    resolved "https://registry.yarnpkg.com/combined-stream/-/combined-stream-1.0.8.tgz#c3d45a8b34fd730631a110a8a2520682b31d5a7f"
    integrity sha512-FQN4MRfuJeHf7cBbBMJFXhKSDq+2kAArBlmRBvcvFE5BB1HZKXtSFASDhdlz9zOYwxh8lDdnvmMOe/+5cdoEdg==
    dependencies:
      delayed-stream "~1.0.0"
  
  delayed-stream@~1.0.0:
    version "1.0.0"
    resolved "https://registry.yarnpkg.com/delayed-stream/-/delayed-stream-1.0.0.tgz#df3ae199acadfb7d440aaae0b29e2272b24ec619"
    integrity sha512-ZySD7Nf91aLB0RxL4KGrKHBXl7Eds1DAmEdcoVawXnLD7SDhpNgtuII2aAkg7a7QS41jxPSZ17p4VdGnMHk3MQ==
  
  dir-glob@^3.0.1:
    version "3.0.1"
    resolved "https://registry.yarnpkg.com/dir-glob/-/dir-glob-3.0.1.tgz#56dbf73d992a4a93ba1584f4534063fd2e41717f"
    integrity sha512-WkrWp9GR4KXfKGYzOLmTuGVi1UWFfws377n9cc55/tb6DuqyF6pcQ5AbiHEshaDpY9v6oaSr2XCDidGmMwdzIA==
    dependencies:
      path-type "^4.0.0"
  
  dotenv@16.0.3, dotenv@^16.0.3:
    version "16.0.3"
    resolved "https://registry.yarnpkg.com/dotenv/-/dotenv-16.0.3.tgz#115aec42bac5053db3c456db30cc243a5a836a07"
    integrity sha512-7GO6HghkA5fYG9TYnNxi14/7K9f5occMlp3zXAuSxn7CKCxt9xbNWG7yF8hTCSUchlfWSe3uLmlPfigevRItzQ==
  
  ethers@^6.1.0:
    version "6.1.0"
    resolved "https://registry.yarnpkg.com/ethers/-/ethers-6.1.0.tgz#de9c3acbb865fda6c080e80ec88ae0aada046947"
    integrity sha512-aC45YGbvgXt7Nses5WsdQwc1cUIrrQt32zeFShNW7ZT3RQCIHBnd4nmbE5sJmrp70uTdwkRHkr4cZr1D/YwFPg==
    dependencies:
      "@adraffy/ens-normalize" "1.8.9"
      "@noble/hashes" "1.1.2"
      "@noble/secp256k1" "1.7.1"
      aes-js "4.0.0-beta.3"
      tslib "2.4.0"
      ws "8.5.0"
  
  fast-glob@^3.2.9:
    version "3.2.12"
    resolved "https://registry.yarnpkg.com/fast-glob/-/fast-glob-3.2.12.tgz#7f39ec99c2e6ab030337142da9e0c18f37afae80"
    integrity sha512-DVj4CQIYYow0BlaelwK1pHl5n5cRSJfM60UA0zK891sVInoPri2Ekj7+e1CT3/3qxXenpI+nBBmQAcJPJgaj4w==
    dependencies:
      "@nodelib/fs.stat" "^2.0.2"
      "@nodelib/fs.walk" "^1.2.3"
      glob-parent "^5.1.2"
      merge2 "^1.3.0"
      micromatch "^4.0.4"
  
  fast-xml-parser@4.1.2:
    version "4.1.2"
    resolved "https://registry.yarnpkg.com/fast-xml-parser/-/fast-xml-parser-4.1.2.tgz#5a98c18238d28a57bbdfa9fe4cda01211fff8f4a"
    integrity sha512-CDYeykkle1LiA/uqQyNwYpFbyF6Axec6YapmpUP+/RHWIoR1zKjocdvNaTsxCxZzQ6v9MLXaSYm9Qq0thv0DHg==
    dependencies:
      strnum "^1.0.5"
  
  fastq@^1.6.0:
    version "1.15.0"
    resolved "https://registry.yarnpkg.com/fastq/-/fastq-1.15.0.tgz#d04d07c6a2a68fe4599fea8d2e103a937fae6b3a"
    integrity sha512-wBrocU2LCXXa+lWBt8RoIRD89Fi8OdABODa/kEnyeyjS5aZO5/GNvI5sEINADqP/h8M29UHTHUb53sUu5Ihqdw==
    dependencies:
      reusify "^1.0.4"
  
  fill-range@^7.0.1:
    version "7.0.1"
    resolved "https://registry.yarnpkg.com/fill-range/-/fill-range-7.0.1.tgz#1919a6a7c75fe38b2c7c77e5198535da9acdda40"
    integrity sha512-qOo9F+dMUmC2Lcb4BbVvnKJxTPjCm+RRpe4gDuGrzkL7mEVl/djYSu2OdQ2Pa302N4oqkSg9ir6jaLWJ2USVpQ==
    dependencies:
      to-regex-range "^5.0.1"
  
  form-data@^3.0.0:
    version "3.0.1"
    resolved "https://registry.yarnpkg.com/form-data/-/form-data-3.0.1.tgz#ebd53791b78356a99af9a300d4282c4d5eb9755f"
    integrity sha512-RHkBKtLWUVwd7SqRIvCZMEvAMoGUp0XU+seQiZejj0COz3RI3hWP4sCv3gZWWLjJTd7rGwcsF5eKZGii0r/hbg==
    dependencies:
      asynckit "^0.4.0"
      combined-stream "^1.0.8"
      mime-types "^2.1.12"
  
  fs-extra@11.1.0:
    version "11.1.0"
    resolved "https://registry.yarnpkg.com/fs-extra/-/fs-extra-11.1.0.tgz#5784b102104433bb0e090f48bfc4a30742c357ed"
    integrity sha512-0rcTq621PD5jM/e0a3EJoGC/1TC5ZBCERW82LQuwfGnCa1V8w7dpYH1yNu+SLb6E5dkeCBzKEyLGlFrnr+dUyw==
    dependencies:
      graceful-fs "^4.2.0"
      jsonfile "^6.0.1"
      universalify "^2.0.0"
  
  glob-parent@^5.1.2:
    version "5.1.2"
    resolved "https://registry.yarnpkg.com/glob-parent/-/glob-parent-5.1.2.tgz#869832c58034fe68a4093c17dc15e8340d8401c4"
    integrity sha512-AOIgSQCepiJYwP3ARnGx+5VnTu2HBYdzbGP45eLw1vr3zB3vZLeyed1sC9hnbcOc9/SrMyM5RPQrkGz4aS9Zow==
    dependencies:
      is-glob "^4.0.1"
  
  globby@11.1.0:
    version "11.1.0"
    resolved "https://registry.yarnpkg.com/globby/-/globby-11.1.0.tgz#bd4be98bb042f83d796f7e3811991fbe82a0d34b"
    integrity sha512-jhIXaOzy1sb8IyocaruWSn1TjmnBVs8Ayhcy83rmxNJ8q2uWKCAj3CnJY+KpGSXCueAPc0i05kVvVKtP1t9S3g==
    dependencies:
      array-union "^2.1.0"
      dir-glob "^3.0.1"
      fast-glob "^3.2.9"
      ignore "^5.2.0"
      merge2 "^1.4.1"
      slash "^3.0.0"
  
  graceful-fs@^4.1.6, graceful-fs@^4.2.0:
    version "4.2.10"
    resolved "https://registry.yarnpkg.com/graceful-fs/-/graceful-fs-4.2.10.tgz#147d3a006da4ca3ce14728c7aefc287c367d7a6c"
    integrity sha512-9ByhssR2fPVsNZj478qUUbKfmL0+t5BDVyjShtyZZLiK7ZDAArFFfopyOTj0M05wE2tJPisA4iTnnXl2YoPvOA==
  
  graphql@16.6.0:
    version "16.6.0"
    resolved "https://registry.yarnpkg.com/graphql/-/graphql-16.6.0.tgz#c2dcffa4649db149f6282af726c8c83f1c7c5fdb"
    integrity sha512-KPIBPDlW7NxrbT/eh4qPXz5FiFdL5UbaA0XUNz2Rp3Z3hqBSkbj0GVjwFDztsWVauZUWsbKHgMg++sk8UX0bkw==
  
  idna-uts46-hx@^4.1.2:
    version "4.1.2"
    resolved "https://registry.yarnpkg.com/idna-uts46-hx/-/idna-uts46-hx-4.1.2.tgz#b7ecf6b603abf1d81972d0a9a1335d7bc1eda553"
    integrity sha512-EAB3egrcalcTQHcjA7yzXXkE4E09TIFerR//4yUYGYCeCfXmkU0LgsGJgYSIQA1lQunfsn4ZCWJhbelgl3cdiQ==
    dependencies:
      punycode "^2.1.1"
  
  ieee754@^1.1.13:
    version "1.2.1"
    resolved "https://registry.yarnpkg.com/ieee754/-/ieee754-1.2.1.tgz#8eb7a10a63fff25d15a57b001586d177d1b0d352"
    integrity sha512-dcyqhDvX1C46lXZcVqCpK+FtMRQVdIMN6/Df5js2zouUsqG7I6sFxitIC+7KYK29KdXOLHdu9zL4sFnoVQnqaA==
  
  ignore@^5.2.0:
    version "5.2.4"
    resolved "https://registry.yarnpkg.com/ignore/-/ignore-5.2.4.tgz#a291c0c6178ff1b960befe47fcdec301674a6324"
    integrity sha512-MAb38BcSbH0eHNBxn7ql2NH/kX33OkB3lZ1BNdh7ENeRChHTYsTvWrMubiIAMNS2llXEEgZ1MUOBtXChP3kaFQ==
  
  ip@^2.0.0:
    version "2.0.0"
    resolved "https://registry.yarnpkg.com/ip/-/ip-2.0.0.tgz#4cf4ab182fee2314c75ede1276f8c80b479936da"
    integrity sha512-WKa+XuLG1A1R0UWhl2+1XQSi+fZWMsYKffMZTTYsiZaUD8k2yDAj5atimTUD2TZkyCkNEeYE5NhFZmupOGtjYQ==
  
  is-extglob@^2.1.1:
    version "2.1.1"
    resolved "https://registry.yarnpkg.com/is-extglob/-/is-extglob-2.1.1.tgz#a88c02535791f02ed37c76a1b9ea9773c833f8c2"
    integrity sha512-SbKbANkN603Vi4jEZv49LeVJMn4yGwsbzZworEoyEiutsN3nJYdbO36zfhGJ6QEDpOZIFkDtnq5JRxmvl3jsoQ==
  
  is-glob@^4.0.1:
    version "4.0.3"
    resolved "https://registry.yarnpkg.com/is-glob/-/is-glob-4.0.3.tgz#64f61e42cbbb2eec2071a9dac0b28ba1e65d5084"
    integrity sha512-xelSayHH36ZgE7ZWhli7pW34hNbNl8Ojv5KVmkJD4hBdD3th8Tfk9vYasLM+mXWOZhFkgZfxhLSnrwRr4elSSg==
    dependencies:
      is-extglob "^2.1.1"
  
  is-number@^7.0.0:
    version "7.0.0"
    resolved "https://registry.yarnpkg.com/is-number/-/is-number-7.0.0.tgz#7535345b896734d5f80c4d06c50955527a14f12b"
    integrity sha512-41Cifkg6e8TylSpdtTpeLVMqvSBEVzTttHvERD741+pnZ8ANv0004MRL43QKPDlK9cGvNp6NZWZUBlbGXYxxng==
  
  isomorphic-ws@^5.0.0:
    version "5.0.0"
    resolved "https://registry.yarnpkg.com/isomorphic-ws/-/isomorphic-ws-5.0.0.tgz#e5529148912ecb9b451b46ed44d53dae1ce04bbf"
    integrity sha512-muId7Zzn9ywDsyXgTIafTry2sV3nySZeUDe6YedVd1Hvuuep5AsIlqK+XefWpYTyJG5e503F2xIuT2lcU6rCSw==
  
  jsonfile@^6.0.1:
    version "6.1.0"
    resolved "https://registry.yarnpkg.com/jsonfile/-/jsonfile-6.1.0.tgz#bc55b2634793c679ec6403094eb13698a6ec0aae"
    integrity sha512-5dgndWOriYSm5cnYaJNhalLNDKOqFwyDB/rr1E9ZsGciGvKPs8R2xYGCacuf3z6K1YKDz182fd+fY3cn3pMqXQ==
    dependencies:
      universalify "^2.0.0"
    optionalDependencies:
      graceful-fs "^4.1.6"
  
  libphonenumber-js@^1.10.14:
    version "1.10.21"
    resolved "https://registry.yarnpkg.com/libphonenumber-js/-/libphonenumber-js-1.10.21.tgz#860312cbec1389e36e28389161025c7817a3ae32"
    integrity sha512-/udZhx49av2r2gZR/+xXSrwcR8smX/sDNrVpOFrvW+CA26TfYTVZfwb3MIDvmwAYMLs7pXuJjZX0VxxGpqPhsA==
  
  memory-pager@^1.0.2:
    version "1.5.0"
    resolved "https://registry.yarnpkg.com/memory-pager/-/memory-pager-1.5.0.tgz#d8751655d22d384682741c972f2c3d6dfa3e66b5"
    integrity sha512-ZS4Bp4r/Zoeq6+NLJpP+0Zzm0pR8whtGPf1XExKLJBAczGMnSi3It14OiNCStjQjM6NU1okjQGSxgEZN8eBYKg==
  
  merge2@^1.3.0, merge2@^1.4.1:
    version "1.4.1"
    resolved "https://registry.yarnpkg.com/merge2/-/merge2-1.4.1.tgz#4368892f885e907455a6fd7dc55c0c9d404990ae"
    integrity sha512-8q7VEgMJW4J8tcfVPy8g09NcQwZdbwFEqhe/WZkoIzjn/3TGDwtOCYtXGxA3O8tPzpczCCDgv+P2P5y00ZJOOg==
  
  micromatch@^4.0.4:
    version "4.0.5"
    resolved "https://registry.yarnpkg.com/micromatch/-/micromatch-4.0.5.tgz#bc8999a7cbbf77cdc89f132f6e467051b49090c6"
    integrity sha512-DMy+ERcEW2q8Z2Po+WNXuw3c5YaUSFjAO5GsJqfEl7UjvtIuFKO6ZrKvcItdy98dwFI2N1tg3zNIdKaQT+aNdA==
    dependencies:
      braces "^3.0.2"
      picomatch "^2.3.1"
  
  mikro-orm@~5.6.13:
    version "5.6.13"
    resolved "https://registry.yarnpkg.com/mikro-orm/-/mikro-orm-5.6.13.tgz#8b8813dafd0fab78f919ffde6ba5ce2ffcbb1fc8"
    integrity sha512-AH5XSDREChcrpKTWqy5zgPlX8tE4+kSw/GKv7D5ZtiH8MVnq4vrNEB0OvD+DKPzj2RlT/sp9Gjnlw4U80CAp0g==
  
  mime-db@1.52.0:
    version "1.52.0"
    resolved "https://registry.yarnpkg.com/mime-db/-/mime-db-1.52.0.tgz#bbabcdc02859f4987301c856e3387ce5ec43bf70"
    integrity sha512-sPU4uV7dYlvtWJxwwxHD0PuihVNiE7TyAbQ5SWxDCB9mUYvOgroQOwYQQOKPJ8CIbE+1ETVlOoK1UC2nU3gYvg==
  
  mime-types@^2.1.12:
    version "2.1.35"
    resolved "https://registry.yarnpkg.com/mime-types/-/mime-types-2.1.35.tgz#381a871b62a734450660ae3deee44813f70d959a"
    integrity sha512-ZDY+bPm5zTTF+YpCrAU9nK0UgICYPT0QtT1NZWFv4s++TNkcgVaT0g6+4R2uI4MjQjzysHB1zxuWL50hzaeXiw==
    dependencies:
      mime-db "1.52.0"
  
  mongodb-connection-string-url@^2.5.4:
    version "2.6.0"
    resolved "https://registry.yarnpkg.com/mongodb-connection-string-url/-/mongodb-connection-string-url-2.6.0.tgz#57901bf352372abdde812c81be47b75c6b2ec5cf"
    integrity sha512-WvTZlI9ab0QYtTYnuMLgobULWhokRjtC7db9LtcVfJ+Hsnyr5eo6ZtNAt3Ly24XZScGMelOcGtm7lSn0332tPQ==
    dependencies:
      "@types/whatwg-url" "^8.2.1"
      whatwg-url "^11.0.0"
  
  mongodb@4.13.0:
    version "4.13.0"
    resolved "https://registry.yarnpkg.com/mongodb/-/mongodb-4.13.0.tgz#2aa832b827e2891eb2e52e8235c201cbb4701ed2"
    integrity sha512-+taZ/bV8d1pYuHL4U+gSwkhmDrwkWbH1l4aah4YpmpscMwgFBkufIKxgP/G7m87/NUuQzc2Z75ZTI7ZOyqZLbw==
    dependencies:
      bson "^4.7.0"
      mongodb-connection-string-url "^2.5.4"
      socks "^2.7.1"
    optionalDependencies:
      "@aws-sdk/credential-providers" "^3.186.0"
      saslprep "^1.0.3"
  
  path-type@^4.0.0:
    version "4.0.0"
    resolved "https://registry.yarnpkg.com/path-type/-/path-type-4.0.0.tgz#84ed01c0a7ba380afe09d90a8c180dcd9d03043b"
    integrity sha512-gDKb8aZMDeD/tZWs9P6+q0J9Mwkdl6xMV8TjnGP3qJVJ06bdMgkbBlLU8IdfOsIsFz2BW1rNVT3XuNEl8zPAvw==
  
  picomatch@^2.3.1:
    version "2.3.1"
    resolved "https://registry.yarnpkg.com/picomatch/-/picomatch-2.3.1.tgz#3ba3833733646d9d3e4995946c1365a67fb07a42"
    integrity sha512-JU3teHTNjmE2VCGFzuY8EXzCDVwEqB2a8fsIvwaStHhAWJEeVd1o1QD80CU6+ZdEXXSLbSsuLwJjkCBWqRQUVA==
  
  prettier@^2.8.0:
    version "2.8.4"
    resolved "https://registry.yarnpkg.com/prettier/-/prettier-2.8.4.tgz#34dd2595629bfbb79d344ac4a91ff948694463c3"
    integrity sha512-vIS4Rlc2FNh0BySk3Wkd6xmwxB0FpOndW5fisM5H8hsZSxU2VWVB5CWIkIjWvrHjIhxk2g3bfMKM87zNTrZddw==
  
  punycode@^2.1.1:
    version "2.3.0"
    resolved "https://registry.yarnpkg.com/punycode/-/punycode-2.3.0.tgz#f67fa67c94da8f4d0cfff981aee4118064199b8f"
    integrity sha512-rRV+zQD8tVFys26lAGR9WUuS4iUAngJScM+ZRSKtvl5tKeZ2t5bvdNFdNHBW9FWR4guGHlgmsZ1G7BSm2wTbuA==
  
  queue-microtask@^1.2.2:
    version "1.2.3"
    resolved "https://registry.yarnpkg.com/queue-microtask/-/queue-microtask-1.2.3.tgz#4929228bbc724dfac43e0efb058caf7b6cfb6243"
    integrity sha512-NuaNSa6flKT5JaSYQzJok04JzTL1CA6aGhv5rfLW3PgqA+M2ChpZQnAC8h8i4ZFkBS8X5RqkDBHA7r4hej3K9A==
  
  reflect-metadata@0.1.13:
    version "0.1.13"
    resolved "https://registry.yarnpkg.com/reflect-metadata/-/reflect-metadata-0.1.13.tgz#67ae3ca57c972a2aa1642b10fe363fe32d49dc08"
    integrity sha512-Ts1Y/anZELhSsjMcU605fU9RE4Oi3p5ORujwbIKXfWa+0Zxs510Qrmrce5/Jowq3cHSZSJqBjypxmHarc+vEWg==
  
  reusify@^1.0.4:
    version "1.0.4"
    resolved "https://registry.yarnpkg.com/reusify/-/reusify-1.0.4.tgz#90da382b1e126efc02146e90845a88db12925d76"
    integrity sha512-U9nH88a3fc/ekCF1l0/UP1IosiuIjyTh7hBvXVMHYgVcfGvt897Xguj2UOLDeI5BG2m7/uwyaLVT6fbtCwTyzw==
  
  run-parallel@^1.1.9:
    version "1.2.0"
    resolved "https://registry.yarnpkg.com/run-parallel/-/run-parallel-1.2.0.tgz#66d1368da7bdf921eb9d95bd1a9229e7f21a43ee"
    integrity sha512-5l4VyZR86LZ/lDxZTR6jqL8AFE2S0IFLMP26AbjsLVADxHdhB/c0GUsH+y39UfCi3dzz8OlQuPmnaJOMoDHQBA==
    dependencies:
      queue-microtask "^1.2.2"
  
  saslprep@^1.0.3:
    version "1.0.3"
    resolved "https://registry.yarnpkg.com/saslprep/-/saslprep-1.0.3.tgz#4c02f946b56cf54297e347ba1093e7acac4cf226"
    integrity sha512-/MY/PEMbk2SuY5sScONwhUDsV2p77Znkb/q3nSVstq/yQzYJOH/Azh29p9oJLsl3LnQwSvZDKagDGBsBwSooag==
    dependencies:
      sparse-bitfield "^3.0.3"
  
  slash@^3.0.0:
    version "3.0.0"
    resolved "https://registry.yarnpkg.com/slash/-/slash-3.0.0.tgz#6539be870c165adbd5240220dbe361f1bc4d4634"
    integrity sha512-g9Q1haeby36OSStwb4ntCGGGaKsaVSjQ68fBxoQcutl5fS1vuY18H3wSt3jFyFtrkx+Kz0V1G85A4MyAdDMi2Q==
  
  smart-buffer@^4.2.0:
    version "4.2.0"
    resolved "https://registry.yarnpkg.com/smart-buffer/-/smart-buffer-4.2.0.tgz#6e1d71fa4f18c05f7d0ff216dd16a481d0e8d9ae"
    integrity sha512-94hK0Hh8rPqQl2xXc3HsaBoOXKV20MToPkcXvwbISWLEs+64sBq5kFgn2kJDHb1Pry9yrP0dxrCI9RRci7RXKg==
  
  socks@^2.7.1:
    version "2.7.1"
    resolved "https://registry.yarnpkg.com/socks/-/socks-2.7.1.tgz#d8e651247178fde79c0663043e07240196857d55"
    integrity sha512-7maUZy1N7uo6+WVEX6psASxtNlKaNVMlGQKkG/63nEDdLOWNbiUMoLK7X4uYoLhQstau72mLgfEWcXcwsaHbYQ==
    dependencies:
      ip "^2.0.0"
      smart-buffer "^4.2.0"
  
  sparse-bitfield@^3.0.3:
    version "3.0.3"
    resolved "https://registry.yarnpkg.com/sparse-bitfield/-/sparse-bitfield-3.0.3.tgz#ff4ae6e68656056ba4b3e792ab3334d38273ca11"
    integrity sha512-kvzhi7vqKTfkh0PZU+2D2PIllw2ymqJKujUcyPMd9Y75Nv4nPbGJZXNhxsgdQab2BmlDct1YnfQCguEvHr7VsQ==
    dependencies:
      memory-pager "^1.0.2"
  
  strnum@^1.0.5:
    version "1.0.5"
    resolved "https://registry.yarnpkg.com/strnum/-/strnum-1.0.5.tgz#5c4e829fe15ad4ff0d20c3db5ac97b73c9b072db"
    integrity sha512-J8bbNyKKXl5qYcR36TIO8W3mVGVHrmmxsd5PAItGkmyzwJvybiw2IVq5nqd0i4LSNSkB/sx9VHllbfFdr9k1JA==
  
  to-regex-range@^5.0.1:
    version "5.0.1"
    resolved "https://registry.yarnpkg.com/to-regex-range/-/to-regex-range-5.0.1.tgz#1648c44aae7c8d988a326018ed72f5b4dd0392e4"
    integrity sha512-65P7iz6X5yEr1cwcgvQxbbIw7Uk3gOy5dIdtZ4rDveLqhrdJP+Li/Hx6tyK0NEb+2GCyneCMJiGqrADCSNk8sQ==
    dependencies:
      is-number "^7.0.0"
  
  tr46@^3.0.0:
    version "3.0.0"
    resolved "https://registry.yarnpkg.com/tr46/-/tr46-3.0.0.tgz#555c4e297a950617e8eeddef633c87d4d9d6cbf9"
    integrity sha512-l7FvfAHlcmulp8kr+flpQZmVwtu7nfRV7NZujtN0OqES8EL4O4e0qqzL0DC5gAvx/ZC/9lk6rhcUwYvkBnBnYA==
    dependencies:
      punycode "^2.1.1"
  
  tslib@2.4.0:
    version "2.4.0"
    resolved "https://registry.yarnpkg.com/tslib/-/tslib-2.4.0.tgz#7cecaa7f073ce680a05847aa77be941098f36dc3"
    integrity sha512-d6xOpEDfsi2CZVlPQzGeux8XMwLT9hssAsaPYExaQMuYskwb+x1x7J371tWlbBdWHroy99KnVB6qIkUbs5X3UQ==
  
  tslib@^1.11.1:
    version "1.14.1"
    resolved "https://registry.yarnpkg.com/tslib/-/tslib-1.14.1.tgz#cf2d38bdc34a134bcaf1091c41f6619e2f672d00"
    integrity sha512-Xni35NKzjgMrwevysHTCArtLDpPvye8zV/0E4EyYn43P7/7qvQwPh9BGkHewbMulVntbigmcT7rdX3BNo9wRJg==
  
  tslib@^2.3.1:
    version "2.5.0"
    resolved "https://registry.yarnpkg.com/tslib/-/tslib-2.5.0.tgz#42bfed86f5787aeb41d031866c8f402429e0fddf"
    integrity sha512-336iVw3rtn2BUK7ORdIAHTyxHGRIHVReokCR3XjbckJMK7ms8FysBfhLR8IXnAgy7T0PTPNBWKiH514FOW/WSg==
  
  typescript@^4.9.3:
    version "4.9.5"
    resolved "https://registry.yarnpkg.com/typescript/-/typescript-4.9.5.tgz#095979f9bcc0d09da324d58d03ce8f8374cbe65a"
    integrity sha512-1FXk9E2Hm+QzZQ7z+McJiHL4NW1F2EzMu9Nq9i3zAaGqibafqYwCVU6WyWAuyQRRzOlxou8xZSyXLEN8oKj24g==
  
  universalify@^2.0.0:
    version "2.0.0"
    resolved "https://registry.yarnpkg.com/universalify/-/universalify-2.0.0.tgz#75a4984efedc4b08975c5aeb73f530d02df25717"
    integrity sha512-hAZsKq7Yy11Zu1DE0OzWjw7nnLZmJZYTDZZyEFHZdUhV8FkH5MCfoU1XMaxXovpyW5nq5scPqq0ZDP9Zyl04oQ==
  
  uuid@^8.3.2:
    version "8.3.2"
    resolved "https://registry.yarnpkg.com/uuid/-/uuid-8.3.2.tgz#80d5b5ced271bb9af6c445f21a1a04c606cefbe2"
    integrity sha512-+NYs2QeMWy+GWFOEm9xnn6HCDp0l7QBD7ml8zLUmJ+93Q5NF0NocErnwkTkXVFNiX3/fpC6afS8Dhb/gz7R7eg==
  
  validator@^13.7.0:
    version "13.9.0"
    resolved "https://registry.yarnpkg.com/validator/-/validator-13.9.0.tgz#33e7b85b604f3bbce9bb1a05d5c3e22e1c2ff855"
    integrity sha512-B+dGG8U3fdtM0/aNK4/X8CXq/EcxU2WPrPEkJGslb47qyHsxmbggTWK0yEA4qnYVNF+nxNlN88o14hIcPmSIEA==
  
  viem@^0.1.5:
    version "0.1.7"
    resolved "https://registry.yarnpkg.com/viem/-/viem-0.1.7.tgz#94ef266045aaf2783ab03b7fd837e238f2e4e05d"
    integrity sha512-QklDeYwVyAug3pSrR7YzRgt07kP4tft3jsFiG/+6sQ4ntdIdCKVQ1y7ooXgYQX3PwBIvrIb+rIVMZXnMPJHRTA==
    dependencies:
      "@noble/hashes" "^1.1.2"
      "@wagmi/chains" "~0.2.11"
      abitype "~0.6.7"
      idna-uts46-hx "^4.1.2"
      isomorphic-ws "^5.0.0"
      ws "^8.12.0"
  
  webidl-conversions@^7.0.0:
    version "7.0.0"
    resolved "https://registry.yarnpkg.com/webidl-conversions/-/webidl-conversions-7.0.0.tgz#256b4e1882be7debbf01d05f0aa2039778ea080a"
    integrity sha512-VwddBukDzu71offAQR975unBIGqfKZpM+8ZX6ySk8nYhVoo5CYaZyzt3YBvYtRtO+aoGlqxPg/B87NGVZ/fu6g==
  
  whatwg-url@^11.0.0:
    version "11.0.0"
    resolved "https://registry.yarnpkg.com/whatwg-url/-/whatwg-url-11.0.0.tgz#0a849eebb5faf2119b901bb76fd795c2848d4018"
    integrity sha512-RKT8HExMpoYx4igMiVMY83lN6UeITKJlBQ+vR/8ZJ8OCdSiN3RwCq+9gH0+Xzj0+5IrM6i4j/6LuvzbZIQgEcQ==
    dependencies:
      tr46 "^3.0.0"
      webidl-conversions "^7.0.0"
  
  ws@8.5.0:
    version "8.5.0"
    resolved "https://registry.yarnpkg.com/ws/-/ws-8.5.0.tgz#bfb4be96600757fe5382de12c670dab984a1ed4f"
    integrity sha512-BWX0SWVgLPzYwF8lTzEy1egjhS4S4OEAHfsO8o65WOVsrnSRGaSiUaa9e0ggGlkMTtBlmOpEXiie9RUcBO86qg==
  
  ws@^8.12.0:
    version "8.12.1"
    resolved "https://registry.yarnpkg.com/ws/-/ws-8.12.1.tgz#c51e583d79140b5e42e39be48c934131942d4a8f"
    integrity sha512-1qo+M9Ba+xNhPB+YTWUlK6M17brTut5EXbcBaMRN5pH5dFrXz7lzz1ChFSUq3bOUl8yEvSenhHmYUNJxFzdJew==
